<?xml version="1.0" encoding="UTF-8"?>
<!-- Generated by org.testng.reporters.JUnitXMLReporter -->
<testsuite ignored="0" hostname="DESKTOP-BR3APVB" failures="0" tests="3" name="Default test" time="62.327" errors="0" timestamp="29 May 2023 02:26:03 GMT">
  <testcase classname="testcases.TestNgListenersTests" name="testCaseOne" time="0.016"/>
  <testcase classname="testcases.TestNgListenersTests" name="testCaseTwo" time="0.003"/>
  <testcase classname="testcases.TestNgListenersTests" name="testCaseThree" time="0.003"/>
</testsuite> <!-- Default test -->
